#
# There is insufficient memory for the Java Runtime Environment to continue.
# Native memory allocation (malloc) failed to allocate 1449368 bytes. Error detail: Chunk::new
# Possible reasons:
#   The system is out of physical RAM or swap space
#   This process is running with CompressedOops enabled, and the Java Heap may be blocking the growth of the native heap
# Possible solutions:
#   Reduce memory load on the system
#   Increase physical memory or swap space
#   Check if swap backing store is full
#   Decrease Java heap size (-Xmx/-Xms)
#   Decrease number of Java threads
#   Decrease Java thread stack sizes (-Xss)
#   Set larger code cache with -XX:ReservedCodeCacheSize=
#   JVM is running with Unscaled Compressed Oops mode in which the Java heap is
#     placed in the first 4GB address space. The Java Heap base address is the
#     maximum limit for the native heap growth. Please use -XX:HeapBaseMinAddress
#     to set the Java Heap base and to place the Java Heap above 4GB virtual address.
# This output file may be truncated or incomplete.
#
#  Out of Memory Error (arena.cpp:186), pid=27204, tid=16112
#
# JRE version: OpenJDK Runtime Environment Temurin-25.0.2+10 (25.0.2+10) (build 25.0.2+10-LTS)
# Java VM: OpenJDK 64-Bit Server VM Temurin-25.0.2+10 (25.0.2+10-LTS, mixed mode, sharing, tiered, compressed oops, compressed class ptrs, g1 gc, windows-amd64)
# No core dump will be written. Minidumps are not enabled by default on client versions of Windows
#

---------------  S U M M A R Y ------------

Command Line: com.maya.Hotel.HotelMvcApplication

Host: Intel(R) Core(TM) i5-10300H CPU @ 2.50GHz, 8 cores, 7G,  Windows 11 , 64 bit Build 26100 (10.0.26100.7705)
Time: Tue Mar 31 23:24:05 2026 Hora est. Pac璗ico, Sudam廨ica elapsed time: 0.865445 seconds (0d 0h 0m 0s)

---------------  T H R E A D  ---------------

Current thread (0x000001d223a9a0e0):  JavaThread "C2 CompilerThread1" daemon [_thread_in_native, id=16112, stack(0x000000cbeaa00000,0x000000cbeab00000) (1024K)]


Current CompileTask:
C2:865 1416       4       java.lang.String::replace (42 bytes)

Stack: [0x000000cbeaa00000,0x000000cbeab00000]
Native frames: (J=compiled Java code, j=interpreted, Vv=VM code, C=native code)
V  [jvm.dll+0x7a8bc9]  (no source info available)
V  [jvm.dll+0x77310d]  (no source info available)
V  [jvm.dll+0x9f55f3]  (no source info available)
V  [jvm.dll+0x9f7be1]  (no source info available)
V  [jvm.dll+0x9f82f3]  (no source info available)
V  [jvm.dll+0x2fce26]  (no source info available)
V  [jvm.dll+0x111076]  (no source info available)
V  [jvm.dll+0x11139e]  (no source info available)
V  [jvm.dll+0x19fff2]  (no source info available)
V  [jvm.dll+0x3b5f62]  (no source info available)
V  [jvm.dll+0x7ae53c]  (no source info available)
V  [jvm.dll+0x2c0407]  (no source info available)
V  [jvm.dll+0x2bf3cf]  (no source info available)
V  [jvm.dll+0x237140]  (no source info available)
V  [jvm.dll+0x2cf4c6]  (no source info available)
V  [jvm.dll+0x2cd74a]  (no source info available)
V  [jvm.dll+0x48fbee]  (no source info available)
V  [jvm.dll+0x996b0d]  (no source info available)
V  [jvm.dll+0x7a71a5]  (no source info available)
C  [ucrtbase.dll+0x37b0]  (no source info available)
C  [KERNEL32.DLL+0x2e8d7]  (no source info available)
C  [ntdll.dll+0x8c40c]  (no source info available)

Lock stack of current Java thread (top to bottom):


---------------  P R O C E S S  ---------------

Threads class SMR info:
_java_thread_list=0x000001d228c00030, length=13, elements={
0x000001d204387700, 0x000001d2233cb130, 0x000001d2233cc710, 0x000001d2233d2050,
0x000001d2233d2c10, 0x000001d2233d7ed0, 0x000001d2233e0bd0, 0x000001d2233f01a0,
0x000001d2233f1010, 0x000001d2238ed300, 0x000001d2238f9f90, 0x000001d223a9a0e0,
0x000001d228bff590
}

Java Threads: ( => current thread )
  0x000001d204387700 JavaThread "main"                              [_thread_in_Java, id=25604, stack(0x000000cbe9800000,0x000000cbe9900000) (1024K)]
  0x000001d2233cb130 JavaThread "Reference Handler"          daemon [_thread_blocked, id=24276, stack(0x000000cbea000000,0x000000cbea100000) (1024K)]
  0x000001d2233cc710 JavaThread "Finalizer"                  daemon [_thread_blocked, id=29460, stack(0x000000cbea100000,0x000000cbea200000) (1024K)]
  0x000001d2233d2050 JavaThread "Signal Dispatcher"          daemon [_thread_blocked, id=10296, stack(0x000000cbea200000,0x000000cbea300000) (1024K)]
  0x000001d2233d2c10 JavaThread "Attach Listener"            daemon [_thread_blocked, id=26412, stack(0x000000cbea300000,0x000000cbea400000) (1024K)]
  0x000001d2233d7ed0 JavaThread "Service Thread"             daemon [_thread_blocked, id=21340, stack(0x000000cbea400000,0x000000cbea500000) (1024K)]
  0x000001d2233e0bd0 JavaThread "Monitor Deflation Thread"   daemon [_thread_blocked, id=12400, stack(0x000000cbea500000,0x000000cbea600000) (1024K)]
  0x000001d2233f01a0 JavaThread "C2 CompilerThread0"         daemon [_thread_in_native, id=26612, stack(0x000000cbea600000,0x000000cbea700000) (1024K)]
  0x000001d2233f1010 JavaThread "C1 CompilerThread0"         daemon [_thread_blocked, id=26032, stack(0x000000cbea700000,0x000000cbea800000) (1024K)]
  0x000001d2238ed300 JavaThread "Notification Thread"        daemon [_thread_blocked, id=16232, stack(0x000000cbea800000,0x000000cbea900000) (1024K)]
  0x000001d2238f9f90 JavaThread "Common-Cleaner"             daemon [_thread_blocked, id=26336, stack(0x000000cbea900000,0x000000cbeaa00000) (1024K)]
=>0x000001d223a9a0e0 JavaThread "C2 CompilerThread1"         daemon [_thread_in_native, id=16112, stack(0x000000cbeaa00000,0x000000cbeab00000) (1024K)]
  0x000001d228bff590 JavaThread "C2 CompilerThread2"         daemon [_thread_blocked, id=9588, stack(0x000000cbeab00000,0x000000cbeac00000) (1024K)]
Total: 13

Other Threads:
  0x000001d2233bb0d0 VMThread "VM Thread"                           [id=29240, stack(0x000000cbe9f00000,0x000000cbea000000) (1024K)]
  0x000001d2233a4e60 WatcherThread "VM Periodic Task Thread"        [id=27280, stack(0x000000cbe9e00000,0x000000cbe9f00000) (1024K)]
  0x000001d20694b8f0 WorkerThread "GC Thread#0"                     [id=5628, stack(0x000000cbe9900000,0x000000cbe9a00000) (1024K)]
  0x000001d206964f60 ConcurrentGCThread "G1 Main Marker"            [id=17488, stack(0x000000cbe9a00000,0x000000cbe9b00000) (1024K)]
  0x000001d206968ac0 WorkerThread "G1 Conc#0"                       [id=10560, stack(0x000000cbe9b00000,0x000000cbe9c00000) (1024K)]
  0x000001d2232699b0 ConcurrentGCThread "G1 Refine#0"               [id=28028, stack(0x000000cbe9c00000,0x000000cbe9d00000) (1024K)]
  0x000001d22326c3d0 ConcurrentGCThread "G1 Service"                [id=16168, stack(0x000000cbe9d00000,0x000000cbe9e00000) (1024K)]
Total: 7

Threads with active compile tasks:
C2 CompilerThread0  1059 1434   !   4       java.util.concurrent.ConcurrentHashMap::putVal (432 bytes)
C2 CompilerThread1  1059 1416       4       java.lang.String::replace (42 bytes)
Total: 2

VM state: not at safepoint (normal execution)

VM Mutex/Monitor currently owned by a thread: None

Heap address: 0x0000000083600000, size: 1994 MB, Compressed Oops mode: 32-bit

CDS archive(s) mapped at: [0x0000000031000000-0x0000000031dd0000-0x0000000031dd0000), size 14483456, SharedBaseAddress: 0x0000000031000000, ArchiveRelocationMode: 1.
Compressed class space mapped at: 0x0000000032000000-0x0000000072000000, reserved size: 1073741824
UseCompressedClassPointers 1, UseCompactObjectHeaders 0
Narrow klass pointer bits 32, Max shift 3
Narrow klass base: 0x0000000031000000, Narrow klass shift: 0
Encoding Range: [0x0000000031000000 - 0x0000000131000000), (4294967296 bytes)
Klass Range:    [0x0000000031010000 - 0x0000000072000000), (1090453504 bytes)
Klass ID Range:  [65536 - 1090519033) (1090453497)
Protection zone: [0x0000000031000000 - 0x0000000031010000), (65536 bytes)

GC Precious Log:
 CardTable entry size: 512
 Card Set container configuration: InlinePtr #cards 5 size 8 Array Of Cards #cards 10 size 36 Howl #buckets 4 coarsen threshold 1843 Howl Bitmap #cards 512 size 80 coarsen threshold 460 Card regions per heap region 1 cards per card region 2048
 CPUs: 8 total, 8 available
 Memory: 7968M
 Large Page Support: Disabled
 NUMA Support: Disabled
 Compressed Oops: Enabled (32-bit)
 Heap Region Size: 1M
 Heap Min Capacity: 8M
 Heap Initial Capacity: 126M
 Heap Max Capacity: 1994M
 Pre-touch: Disabled
 Parallel Workers: 8
 Concurrent Workers: 2
 Concurrent Refinement Workers: 8
 Periodic GC: Disabled

Heap:
 garbage-first heap   total reserved 2041856K, committed 131072K, used 38035K [0x0000000083600000, 0x0000000100000000)
  region size 1024K, 35 young (35840K), 0 survivors (0K)

Heap Regions: E=young(eden), S=young(survivor), O=old, HS=humongous(starts), HC=humongous(continues), CS=collection set, F=free, TAMS=top-at-mark-start, PB=parsable bottom
|   0|0x0000000083600000, 0x0000000083700000, 0x0000000083700000|100%|HS|  |TAMS 0x0000000083600000| PB 0x0000000083600000| Complete |  0
|   1|0x0000000083700000, 0x0000000083800000, 0x0000000083800000|100%|HS|  |TAMS 0x0000000083700000| PB 0x0000000083700000| Complete |  0
|   2|0x0000000083800000, 0x0000000083800000, 0x0000000083900000|  0%| F|  |TAMS 0x0000000083800000| PB 0x0000000083800000| Untracked |  0
|   3|0x0000000083900000, 0x0000000083900000, 0x0000000083a00000|  0%| F|  |TAMS 0x0000000083900000| PB 0x0000000083900000| Untracked |  0
|   4|0x0000000083a00000, 0x0000000083a00000, 0x0000000083b00000|  0%| F|  |TAMS 0x0000000083a00000| PB 0x0000000083a00000| Untracked |  0
|   5|0x0000000083b00000, 0x0000000083b00000, 0x0000000083c00000|  0%| F|  |TAMS 0x0000000083b00000| PB 0x0000000083b00000| Untracked |  0
|   6|0x0000000083c00000, 0x0000000083c00000, 0x0000000083d00000|  0%| F|  |TAMS 0x0000000083c00000| PB 0x0000000083c00000| Untracked |  0
|   7|0x0000000083d00000, 0x0000000083d00000, 0x0000000083e00000|  0%| F|  |TAMS 0x0000000083d00000| PB 0x0000000083d00000| Untracked |  0
|   8|0x0000000083e00000, 0x0000000083e00000, 0x0000000083f00000|  0%| F|  |TAMS 0x0000000083e00000| PB 0x0000000083e00000| Untracked |  0
|   9|0x0000000083f00000, 0x0000000083f00000, 0x0000000084000000|  0%| F|  |TAMS 0x0000000083f00000| PB 0x0000000083f00000| Untracked |  0
|  10|0x0000000084000000, 0x0000000084000000, 0x0000000084100000|  0%| F|  |TAMS 0x0000000084000000| PB 0x0000000084000000| Untracked |  0
|  11|0x0000000084100000, 0x0000000084100000, 0x0000000084200000|  0%| F|  |TAMS 0x0000000084100000| PB 0x0000000084100000| Untracked |  0
|  12|0x0000000084200000, 0x0000000084200000, 0x0000000084300000|  0%| F|  |TAMS 0x0000000084200000| PB 0x0000000084200000| Untracked |  0
|  13|0x0000000084300000, 0x0000000084300000, 0x0000000084400000|  0%| F|  |TAMS 0x0000000084300000| PB 0x0000000084300000| Untracked |  0
|  14|0x0000000084400000, 0x0000000084400000, 0x0000000084500000|  0%| F|  |TAMS 0x0000000084400000| PB 0x0000000084400000| Untracked |  0
|  15|0x0000000084500000, 0x0000000084500000, 0x0000000084600000|  0%| F|  |TAMS 0x0000000084500000| PB 0x0000000084500000| Untracked |  0
|  16|0x0000000084600000, 0x0000000084600000, 0x0000000084700000|  0%| F|  |TAMS 0x0000000084600000| PB 0x0000000084600000| Untracked |  0
|  17|0x0000000084700000, 0x0000000084700000, 0x0000000084800000|  0%| F|  |TAMS 0x0000000084700000| PB 0x0000000084700000| Untracked |  0
|  18|0x0000000084800000, 0x0000000084800000, 0x0000000084900000|  0%| F|  |TAMS 0x0000000084800000| PB 0x0000000084800000| Untracked |  0
|  19|0x0000000084900000, 0x0000000084900000, 0x0000000084a00000|  0%| F|  |TAMS 0x0000000084900000| PB 0x0000000084900000| Untracked |  0
|  20|0x0000000084a00000, 0x0000000084a00000, 0x0000000084b00000|  0%| F|  |TAMS 0x0000000084a00000| PB 0x0000000084a00000| Untracked |  0
|  21|0x0000000084b00000, 0x0000000084b00000, 0x0000000084c00000|  0%| F|  |TAMS 0x0000000084b00000| PB 0x0000000084b00000| Untracked |  0
|  22|0x0000000084c00000, 0x0000000084c00000, 0x0000000084d00000|  0%| F|  |TAMS 0x0000000084c00000| PB 0x0000000084c00000| Untracked |  0
|  23|0x0000000084d00000, 0x0000000084d00000, 0x0000000084e00000|  0%| F|  |TAMS 0x0000000084d00000| PB 0x0000000084d00000| Untracked |  0
|  24|0x0000000084e00000, 0x0000000084e00000, 0x0000000084f00000|  0%| F|  |TAMS 0x0000000084e00000| PB 0x0000000084e00000| Untracked |  0
|  25|0x0000000084f00000, 0x0000000084f00000, 0x0000000085000000|  0%| F|  |TAMS 0x0000000084f00000| PB 0x0000000084f00000| Untracked |  0
|  26|0x0000000085000000, 0x0000000085000000, 0x0000000085100000|  0%| F|  |TAMS 0x0000000085000000| PB 0x0000000085000000| Untracked |  0
|  27|0x0000000085100000, 0x0000000085100000, 0x0000000085200000|  0%| F|  |TAMS 0x0000000085100000| PB 0x0000000085100000| Untracked |  0
|  28|0x0000000085200000, 0x0000000085200000, 0x0000000085300000|  0%| F|  |TAMS 0x0000000085200000| PB 0x0000000085200000| Untracked |  0
|  29|0x0000000085300000, 0x0000000085300000, 0x0000000085400000|  0%| F|  |TAMS 0x0000000085300000| PB 0x0000000085300000| Untracked |  0
|  30|0x0000000085400000, 0x0000000085400000, 0x0000000085500000|  0%| F|  |TAMS 0x0000000085400000| PB 0x0000000085400000| Untracked |  0
|  31|0x0000000085500000, 0x0000000085500000, 0x0000000085600000|  0%| F|  |TAMS 0x0000000085500000| PB 0x0000000085500000| Untracked |  0
|  32|0x0000000085600000, 0x0000000085600000, 0x0000000085700000|  0%| F|  |TAMS 0x0000000085600000| PB 0x0000000085600000| Untracked |  0
|  33|0x0000000085700000, 0x0000000085700000, 0x0000000085800000|  0%| F|  |TAMS 0x0000000085700000| PB 0x0000000085700000| Untracked |  0
|  34|0x0000000085800000, 0x0000000085800000, 0x0000000085900000|  0%| F|  |TAMS 0x0000000085800000| PB 0x0000000085800000| Untracked |  0
|  35|0x0000000085900000, 0x0000000085900000, 0x0000000085a00000|  0%| F|  |TAMS 0x0000000085900000| PB 0x0000000085900000| Untracked |  0
|  36|0x0000000085a00000, 0x0000000085a00000, 0x0000000085b00000|  0%| F|  |TAMS 0x0000000085a00000| PB 0x0000000085a00000| Untracked |  0
|  37|0x0000000085b00000, 0x0000000085b00000, 0x0000000085c00000|  0%| F|  |TAMS 0x0000000085b00000| PB 0x0000000085b00000| Untracked |  0
|  38|0x0000000085c00000, 0x0000000085c00000, 0x0000000085d00000|  0%| F|  |TAMS 0x0000000085c00000| PB 0x0000000085c00000| Untracked |  0
|  39|0x0000000085d00000, 0x0000000085d00000, 0x0000000085e00000|  0%| F|  |TAMS 0x0000000085d00000| PB 0x0000000085d00000| Untracked |  0
|  40|0x0000000085e00000, 0x0000000085e00000, 0x0000000085f00000|  0%| F|  |TAMS 0x0000000085e00000| PB 0x0000000085e00000| Untracked |  0
|  41|0x0000000085f00000, 0x0000000085f00000, 0x0000000086000000|  0%| F|  |TAMS 0x0000000085f00000| PB 0x0000000085f00000| Untracked |  0
|  42|0x0000000086000000, 0x0000000086000000, 0x0000000086100000|  0%| F|  |TAMS 0x0000000086000000| PB 0x0000000086000000| Untracked |  0
|  43|0x0000000086100000, 0x0000000086100000, 0x0000000086200000|  0%| F|  |TAMS 0x0000000086100000| PB 0x0000000086100000| Untracked |  0
|  44|0x0000000086200000, 0x0000000086200000, 0x0000000086300000|  0%| F|  |TAMS 0x0000000086200000| PB 0x0000000086200000| Untracked |  0
|  45|0x0000000086300000, 0x0000000086300000, 0x0000000086400000|  0%| F|  |TAMS 0x0000000086300000| PB 0x0000000086300000| Untracked |  0
|  46|0x0000000086400000, 0x0000000086400000, 0x0000000086500000|  0%| F|  |TAMS 0x0000000086400000| PB 0x0000000086400000| Untracked |  0
|  47|0x0000000086500000, 0x0000000086500000, 0x0000000086600000|  0%| F|  |TAMS 0x0000000086500000| PB 0x0000000086500000| Untracked |  0
|  48|0x0000000086600000, 0x0000000086600000, 0x0000000086700000|  0%| F|  |TAMS 0x0000000086600000| PB 0x0000000086600000| Untracked |  0
|  49|0x0000000086700000, 0x0000000086700000, 0x0000000086800000|  0%| F|  |TAMS 0x0000000086700000| PB 0x0000000086700000| Untracked |  0
|  50|0x0000000086800000, 0x0000000086800000, 0x0000000086900000|  0%| F|  |TAMS 0x0000000086800000| PB 0x0000000086800000| Untracked |  0
|  51|0x0000000086900000, 0x0000000086900000, 0x0000000086a00000|  0%| F|  |TAMS 0x0000000086900000| PB 0x0000000086900000| Untracked |  0
|  52|0x0000000086a00000, 0x0000000086a00000, 0x0000000086b00000|  0%| F|  |TAMS 0x0000000086a00000| PB 0x0000000086a00000| Untracked |  0
|  53|0x0000000086b00000, 0x0000000086b00000, 0x0000000086c00000|  0%| F|  |TAMS 0x0000000086b00000| PB 0x0000000086b00000| Untracked |  0
|  54|0x0000000086c00000, 0x0000000086c00000, 0x0000000086d00000|  0%| F|  |TAMS 0x0000000086c00000| PB 0x0000000086c00000| Untracked |  0
|  55|0x0000000086d00000, 0x0000000086d00000, 0x0000000086e00000|  0%| F|  |TAMS 0x0000000086d00000| PB 0x0000000086d00000| Untracked |  0
|  56|0x0000000086e00000, 0x0000000086e00000, 0x0000000086f00000|  0%| F|  |TAMS 0x0000000086e00000| PB 0x0000000086e00000| Untracked |  0
|  57|0x0000000086f00000, 0x0000000086f00000, 0x0000000087000000|  0%| F|  |TAMS 0x0000000086f00000| PB 0x0000000086f00000| Untracked |  0
|  58|0x0000000087000000, 0x0000000087000000, 0x0000000087100000|  0%| F|  |TAMS 0x0000000087000000| PB 0x0000000087000000| Untracked |  0
|  59|0x0000000087100000, 0x0000000087100000, 0x0000000087200000|  0%| F|  |TAMS 0x0000000087100000| PB 0x0000000087100000| Untracked |  0
|  60|0x0000000087200000, 0x0000000087200000, 0x0000000087300000|  0%| F|  |TAMS 0x0000000087200000| PB 0x0000000087200000| Untracked |  0
|  61|0x0000000087300000, 0x0000000087300000, 0x0000000087400000|  0%| F|  |TAMS 0x0000000087300000| PB 0x0000000087300000| Untracked |  0
|  62|0x0000000087400000, 0x0000000087400000, 0x0000000087500000|  0%| F|  |TAMS 0x0000000087400000| PB 0x0000000087400000| Untracked |  0
|  63|0x0000000087500000, 0x0000000087500000, 0x0000000087600000|  0%| F|  |TAMS 0x0000000087500000| PB 0x0000000087500000| Untracked |  0
|  64|0x0000000087600000, 0x0000000087600000, 0x0000000087700000|  0%| F|  |TAMS 0x0000000087600000| PB 0x0000000087600000| Untracked |  0
|  65|0x0000000087700000, 0x0000000087700000, 0x0000000087800000|  0%| F|  |TAMS 0x0000000087700000| PB 0x0000000087700000| Untracked |  0
|  66|0x0000000087800000, 0x0000000087800000, 0x0000000087900000|  0%| F|  |TAMS 0x0000000087800000| PB 0x0000000087800000| Untracked |  0
|  67|0x0000000087900000, 0x0000000087900000, 0x0000000087a00000|  0%| F|  |TAMS 0x0000000087900000| PB 0x0000000087900000| Untracked |  0
|  68|0x0000000087a00000, 0x0000000087a00000, 0x0000000087b00000|  0%| F|  |TAMS 0x0000000087a00000| PB 0x0000000087a00000| Untracked |  0
|  69|0x0000000087b00000, 0x0000000087b00000, 0x0000000087c00000|  0%| F|  |TAMS 0x0000000087b00000| PB 0x0000000087b00000| Untracked |  0
|  70|0x0000000087c00000, 0x0000000087c00000, 0x0000000087d00000|  0%| F|  |TAMS 0x0000000087c00000| PB 0x0000000087c00000| Untracked |  0
|  71|0x0000000087d00000, 0x0000000087d00000, 0x0000000087e00000|  0%| F|  |TAMS 0x0000000087d00000| PB 0x0000000087d00000| Untracked |  0
|  72|0x0000000087e00000, 0x0000000087e00000, 0x0000000087f00000|  0%| F|  |TAMS 0x0000000087e00000| PB 0x0000000087e00000| Untracked |  0
|  73|0x0000000087f00000, 0x0000000087f00000, 0x0000000088000000|  0%| F|  |TAMS 0x0000000087f00000| PB 0x0000000087f00000| Untracked |  0
|  74|0x0000000088000000, 0x0000000088000000, 0x0000000088100000|  0%| F|  |TAMS 0x0000000088000000| PB 0x0000000088000000| Untracked |  0
|  75|0x0000000088100000, 0x0000000088100000, 0x0000000088200000|  0%| F|  |TAMS 0x0000000088100000| PB 0x0000000088100000| Untracked |  0
|  76|0x0000000088200000, 0x0000000088200000, 0x0000000088300000|  0%| F|  |TAMS 0x0000000088200000| PB 0x0000000088200000| Untracked |  0
|  77|0x0000000088300000, 0x0000000088300000, 0x0000000088400000|  0%| F|  |TAMS 0x0000000088300000| PB 0x0000000088300000| Untracked |  0
|  78|0x0000000088400000, 0x0000000088400000, 0x0000000088500000|  0%| F|  |TAMS 0x0000000088400000| PB 0x0000000088400000| Untracked |  0
|  79|0x0000000088500000, 0x0000000088500000, 0x0000000088600000|  0%| F|  |TAMS 0x0000000088500000| PB 0x0000000088500000| Untracked |  0
|  80|0x0000000088600000, 0x0000000088600000, 0x0000000088700000|  0%| F|  |TAMS 0x0000000088600000| PB 0x0000000088600000| Untracked |  0
|  81|0x0000000088700000, 0x0000000088700000, 0x0000000088800000|  0%| F|  |TAMS 0x0000000088700000| PB 0x0000000088700000| Untracked |  0
|  82|0x0000000088800000, 0x0000000088800000, 0x0000000088900000|  0%| F|  |TAMS 0x0000000088800000| PB 0x0000000088800000| Untracked |  0
|  83|0x0000000088900000, 0x0000000088900000, 0x0000000088a00000|  0%| F|  |TAMS 0x0000000088900000| PB 0x0000000088900000| Untracked |  0
|  84|0x0000000088a00000, 0x0000000088a00000, 0x0000000088b00000|  0%| F|  |TAMS 0x0000000088a00000| PB 0x0000000088a00000| Untracked |  0
|  85|0x0000000088b00000, 0x0000000088b00000, 0x0000000088c00000|  0%| F|  |TAMS 0x0000000088b00000| PB 0x0000000088b00000| Untracked |  0
|  86|0x0000000088c00000, 0x0000000088c00000, 0x0000000088d00000|  0%| F|  |TAMS 0x0000000088c00000| PB 0x0000000088c00000| Untracked |  0
|  87|0x0000000088d00000, 0x0000000088d00000, 0x0000000088e00000|  0%| F|  |TAMS 0x0000000088d00000| PB 0x0000000088d00000| Untracked |  0
|  88|0x0000000088e00000, 0x0000000088e00000, 0x0000000088f00000|  0%| F|  |TAMS 0x0000000088e00000| PB 0x0000000088e00000| Untracked |  0
|  89|0x0000000088f00000, 0x0000000088f00000, 0x0000000089000000|  0%| F|  |TAMS 0x0000000088f00000| PB 0x0000000088f00000| Untracked |  0
|  90|0x0000000089000000, 0x0000000089000000, 0x0000000089100000|  0%| F|  |TAMS 0x0000000089000000| PB 0x0000000089000000| Untracked |  0
|  91|0x0000000089100000, 0x0000000089184010, 0x0000000089200000| 51%| E|  |TAMS 0x0000000089100000| PB 0x0000000089100000| Complete |  0
|  92|0x0000000089200000, 0x0000000089300000, 0x0000000089300000|100%| E|CS|TAMS 0x0000000089200000| PB 0x0000000089200000| Complete |  0
|  93|0x0000000089300000, 0x0000000089400000, 0x0000000089400000|100%| E|CS|TAMS 0x0000000089300000| PB 0x0000000089300000| Complete |  0
|  94|0x0000000089400000, 0x0000000089500000, 0x0000000089500000|100%| E|CS|TAMS 0x0000000089400000| PB 0x0000000089400000| Complete |  0
|  95|0x0000000089500000, 0x0000000089600000, 0x0000000089600000|100%| E|CS|TAMS 0x0000000089500000| PB 0x0000000089500000| Complete |  0
|  96|0x0000000089600000, 0x0000000089700000, 0x0000000089700000|100%| E|CS|TAMS 0x0000000089600000| PB 0x0000000089600000| Complete |  0
|  97|0x0000000089700000, 0x0000000089800000, 0x0000000089800000|100%| E|CS|TAMS 0x0000000089700000| PB 0x0000000089700000| Complete |  0
|  98|0x0000000089800000, 0x0000000089900000, 0x0000000089900000|100%| E|CS|TAMS 0x0000000089800000| PB 0x0000000089800000| Complete |  0
|  99|0x0000000089900000, 0x0000000089a00000, 0x0000000089a00000|100%| E|CS|TAMS 0x0000000089900000| PB 0x0000000089900000| Complete |  0
| 100|0x0000000089a00000, 0x0000000089b00000, 0x0000000089b00000|100%| E|CS|TAMS 0x0000000089a00000| PB 0x0000000089a00000| Complete |  0
| 101|0x0000000089b00000, 0x0000000089c00000, 0x0000000089c00000|100%| E|CS|TAMS 0x0000000089b00000| PB 0x0000000089b00000| Complete |  0
| 102|0x0000000089c00000, 0x0000000089d00000, 0x0000000089d00000|100%| E|CS|TAMS 0x0000000089c00000| PB 0x0000000089c00000| Complete |  0
| 103|0x0000000089d00000, 0x0000000089e00000, 0x0000000089e00000|100%| E|CS|TAMS 0x0000000089d00000| PB 0x0000000089d00000| Complete |  0
| 104|0x0000000089e00000, 0x0000000089f00000, 0x0000000089f00000|100%| E|CS|TAMS 0x0000000089e00000| PB 0x0000000089e00000| Complete |  0
| 105|0x0000000089f00000, 0x000000008a000000, 0x000000008a000000|100%| E|CS|TAMS 0x0000000089f00000| PB 0x0000000089f00000| Complete |  0
| 106|0x000000008a000000, 0x000000008a100000, 0x000000008a100000|100%| E|CS|TAMS 0x000000008a000000| PB 0x000000008a000000| Complete |  0
| 107|0x000000008a100000, 0x000000008a200000, 0x000000008a200000|100%| E|CS|TAMS 0x000000008a100000| PB 0x000000008a100000| Complete |  0
| 108|0x000000008a200000, 0x000000008a300000, 0x000000008a300000|100%| E|CS|TAMS 0x000000008a200000| PB 0x000000008a200000| Complete |  0
| 109|0x000000008a300000, 0x000000008a400000, 0x000000008a400000|100%| E|CS|TAMS 0x000000008a300000| PB 0x000000008a300000| Complete |  0
| 110|0x000000008a400000, 0x000000008a500000, 0x000000008a500000|100%| E|CS|TAMS 0x000000008a400000| PB 0x000000008a400000| Complete |  0
| 111|0x000000008a500000, 0x000000008a600000, 0x000000008a600000|100%| E|CS|TAMS 0x000000008a500000| PB 0x000000008a500000| Complete |  0
| 112|0x000000008a600000, 0x000000008a700000, 0x000000008a700000|100%| E|CS|TAMS 0x000000008a600000| PB 0x000000008a600000| Complete |  0
| 113|0x000000008a700000, 0x000000008a800000, 0x000000008a800000|100%| E|CS|TAMS 0x000000008a700000| PB 0x000000008a700000| Complete |  0
| 114|0x000000008a800000, 0x000000008a900000, 0x000000008a900000|100%| E|CS|TAMS 0x000000008a800000| PB 0x000000008a800000| Complete |  0
| 115|0x000000008a900000, 0x000000008aa00000, 0x000000008aa00000|100%| E|CS|TAMS 0x000000008a900000| PB 0x000000008a900000| Complete |  0
| 116|0x000000008aa00000, 0x000000008ab00000, 0x000000008ab00000|100%| E|CS|TAMS 0x000000008aa00000| PB 0x000000008aa00000| Complete |  0
| 117|0x000000008ab00000, 0x000000008ac00000, 0x000000008ac00000|100%| E|CS|TAMS 0x000000008ab00000| PB 0x000000008ab00000| Complete |  0
| 118|0x000000008ac00000, 0x000000008ad00000, 0x000000008ad00000|100%| E|CS|TAMS 0x000000008ac00000| PB 0x000000008ac00000| Complete |  0
| 119|0x000000008ad00000, 0x000000008ae00000, 0x000000008ae00000|100%| E|CS|TAMS 0x000000008ad00000| PB 0x000000008ad00000| Complete |  0
| 120|0x000000008ae00000, 0x000000008af00000, 0x000000008af00000|100%| E|CS|TAMS 0x000000008ae00000| PB 0x000000008ae00000| Complete |  0
| 121|0x000000008af00000, 0x000000008b000000, 0x000000008b000000|100%| E|CS|TAMS 0x000000008af00000| PB 0x000000008af00000| Complete |  0
| 122|0x000000008b000000, 0x000000008b100000, 0x000000008b100000|100%| E|CS|TAMS 0x000000008b000000| PB 0x000000008b000000| Complete |  0
| 123|0x000000008b100000, 0x000000008b200000, 0x000000008b200000|100%| E|CS|TAMS 0x000000008b100000| PB 0x000000008b100000| Complete |  0
| 124|0x000000008b200000, 0x000000008b300000, 0x000000008b300000|100%| E|CS|TAMS 0x000000008b200000| PB 0x000000008b200000| Complete |  0
| 125|0x000000008b300000, 0x000000008b400000, 0x000000008b400000|100%| E|CS|TAMS 0x000000008b300000| PB 0x000000008b300000| Complete |  0
|1992|0x00000000ffe00000, 0x00000000fff00000, 0x00000000fff00000|100%| O|  |TAMS 0x00000000ffe00000| PB 0x00000000ffe00000| Untracked |  0
|1993|0x00000000fff00000, 0x00000000fff24ea8, 0x0000000100000000| 14%| O|  |TAMS 0x00000000fff00000| PB 0x00000000fff00000| Untracked |  0

Card table byte_map: [0x000001d21eae0000,0x000001d21eed0000] _byte_map_base: 0x000001d21e6c5000

Marking Bits: (CMBitMap*) 0x000001d20694c080
 Bits: [0x000001d21eed0000, 0x000001d220df8000)

Polling page: 0x000001d204640000

Metaspace:
Metaspace        used 8760K, committed 8960K, reserved 1114112K
 class space     used 1129K, committed 1216K, reserved 1048576K

Usage:
  Non-class:      7.45 MB used.
      Class:      1.10 MB used.
       Both:      8.56 MB used.

Virtual space:
  Non-class space:       64.00 MB reserved,       7.56 MB ( 12%) committed,  1 nodes.
      Class space:        1.00 GB reserved,       1.19 MB ( <1%) committed,  1 nodes.
             Both:        1.06 GB reserved,       8.75 MB ( <1%) committed. 

Chunk freelists:
   Non-Class:  7.41 MB
       Class:  14.84 MB
        Both:  22.25 MB

MaxMetaspaceSize: unlimited
CompressedClassSpaceSize: 1.00 GB
Initial GC threshold: 21.00 MB
Current GC threshold: 21.00 MB
CDS: on
 - commit_granule_bytes: 65536.
 - commit_granule_words: 8192.
 - virtual_space_node_default_size: 8388608.
 - enlarge_chunks_in_place: 1.
UseCompressedClassPointers 1, UseCompactObjectHeaders 0
Narrow klass pointer bits 32, Max shift 3
Narrow klass base: 0x0000000031000000, Narrow klass shift: 0
Encoding Range: [0x0000000031000000 - 0x0000000131000000), (4294967296 bytes)
Klass Range:    [0x0000000031010000 - 0x0000000072000000), (1090453504 bytes)
Klass ID Range:  [65536 - 1090519033) (1090453497)
Protection zone: [0x0000000031000000 - 0x0000000031010000), (65536 bytes)


Internal statistics:

num_allocs_failed_limit: 0.
num_arena_births: 152.
num_arena_deaths: 0.
num_vsnodes_births: 2.
num_vsnodes_deaths: 0.
num_space_committed: 140.
num_space_uncommitted: 0.
num_chunks_returned_to_freelist: 0.
num_chunks_taken_from_freelist: 443.
num_chunk_merges: 0.
num_chunk_splits: 271.
num_chunks_enlarged: 197.
num_inconsistent_stats: 0.

CodeHeap 'non-profiled nmethods': size=120064Kb used=466Kb max_used=466Kb free=119597Kb
 bounds [0x000001d216e80000, 0x000001d2170f0000, 0x000001d21e3c0000]
CodeHeap 'profiled nmethods': size=120000Kb used=2575Kb max_used=2575Kb free=117424Kb
 bounds [0x000001d20f3c0000, 0x000001d20f650000, 0x000001d2168f0000]
CodeHeap 'non-nmethods': size=5696Kb used=1366Kb max_used=1392Kb free=4329Kb
 bounds [0x000001d2168f0000, 0x000001d216b60000, 0x000001d216e80000]
CodeCache: size=245760Kb, used=4407Kb, max_used=4433Kb, free=241350Kb
 total_blobs=2230, nmethods=1752, adapters=379, full_count=0
Compilation: enabled, stopped_count=0, restarted_count=0

Compilation events (20 events):
Event: 0.853 Thread 0x000001d2233f1010 1425       3       java.net.URI$Parser::scan (76 bytes)
Event: 0.853 Thread 0x000001d2233f1010 nmethod 1425 0x000001d20f5b3d88 code [0x000001d20f5b3e80, 0x000001d20f5b47c0]
Event: 0.854 Thread 0x000001d2233f01a0 nmethod 1414 0x000001d216ee1388 code [0x000001d216ee1480, 0x000001d216ee1960]
Event: 0.854 Thread 0x000001d2233f01a0 1417       4       java.lang.String::startsWith (7 bytes)
Event: 0.856 Thread 0x000001d2233f1010 1427       3       jdk.internal.classfile.impl.SplitConstantPool::fieldRefEntry (72 bytes)
Event: 0.857 Thread 0x000001d2233f1010 nmethod 1427 0x000001d20f5b4808 code [0x000001d20f5b4900, 0x000001d20f5b5ef8]
Event: 0.857 Thread 0x000001d2233f1010 1429       1       java.util.Collections$EmptyIterator::hasNext (2 bytes)
Event: 0.857 Thread 0x000001d2233f1010 nmethod 1429 0x000001d216ee1c88 code [0x000001d216ee1d80, 0x000001d216ee1e48]
Event: 0.858 Thread 0x000001d2233f1010 1430       3       java.util.ArrayDeque::size (17 bytes)
Event: 0.858 Thread 0x000001d2233f01a0 nmethod 1417 0x000001d216ee1f88 code [0x000001d216ee2080, 0x000001d216ee2358]
Event: 0.858 Thread 0x000001d2233f01a0 1426       4       jdk.internal.misc.Unsafe::allocateUninitializedArray (55 bytes)
Event: 0.858 Thread 0x000001d2233f1010 nmethod 1430 0x000001d20f5b5f08 code [0x000001d20f5b6000, 0x000001d20f5b61a8]
Event: 0.858 Thread 0x000001d2233f1010 1431       3       java.util.ArrayDeque::sub (14 bytes)
Event: 0.858 Thread 0x000001d2233f1010 nmethod 1431 0x000001d20f5b6208 code [0x000001d20f5b6300, 0x000001d20f5b6418]
Event: 0.858 Thread 0x000001d2233f1010 1433       3       jdk.internal.loader.BuiltinClassLoader::hasClassPath (13 bytes)
Event: 0.858 Thread 0x000001d2233f1010 nmethod 1433 0x000001d20f5b6508 code [0x000001d20f5b6600, 0x000001d20f5b6758]
Event: 0.859 Thread 0x000001d2233f01a0 nmethod 1426 0x000001d216ee2388 code [0x000001d216ee2480, 0x000001d216ee2648]
Event: 0.859 Thread 0x000001d2233f01a0 1432       4       java.lang.Integer::hashCode (8 bytes)
Event: 0.859 Thread 0x000001d2233f01a0 nmethod 1432 0x000001d216ee2688 code [0x000001d216ee2780, 0x000001d216ee27f8]
Event: 0.860 Thread 0x000001d2233f01a0 1434   !   4       java.util.concurrent.ConcurrentHashMap::putVal (432 bytes)

GC Heap Usage History (0 events):
No events

Metaspace Usage History (0 events):
No events

Dll operation events (5 events):
Event: 0.014 Loaded shared library C:\Program Files\Apache NetBeans\jdk\bin\java.dll
Event: 0.141 Loaded shared library C:\Program Files\Apache NetBeans\jdk\bin\net.dll
Event: 0.143 Loaded shared library C:\Program Files\Apache NetBeans\jdk\bin\nio.dll
Event: 0.147 Loaded shared library C:\Program Files\Apache NetBeans\jdk\bin\zip.dll
Event: 0.225 Loaded shared library C:\Program Files\Apache NetBeans\jdk\bin\jimage.dll

Deoptimization events (20 events):
Event: 0.848 Thread 0x000001d204387700 Uncommon trap: trap_request=0xffffff66 fr.pc=0x000001d216eb59fc relative=0x000000000000047c
Event: 0.848 Thread 0x000001d204387700 Uncommon trap: reason=loop_limit_check action=maybe_recompile pc=0x000001d216eb59fc method=java.lang.StringLatin1.indexOf([BI[BII)I @ 37 c2
Event: 0.848 Thread 0x000001d204387700 DEOPT PACKING pc=0x000001d216eb59fc sp=0x000000cbe98fe440
Event: 0.848 Thread 0x000001d204387700 DEOPT UNPACKING pc=0x000001d216a0f902 sp=0x000000cbe98fe3a0 mode 2
Event: 0.859 Thread 0x000001d204387700 Uncommon trap: trap_request=0xffffffde fr.pc=0x000001d216ee2590 relative=0x0000000000000110
Event: 0.859 Thread 0x000001d204387700 Uncommon trap: reason=class_check action=maybe_recompile pc=0x000001d216ee2590 method=jdk.internal.misc.Unsafe.allocateUninitializedArray(Ljava/lang/Class;I)Ljava/lang/Object; @ 51 c2
Event: 0.859 Thread 0x000001d204387700 DEOPT PACKING pc=0x000001d216ee2590 sp=0x000000cbe98fe490
Event: 0.859 Thread 0x000001d204387700 DEOPT UNPACKING pc=0x000001d216a0f902 sp=0x000000cbe98fe408 mode 2
Event: 0.859 Thread 0x000001d204387700 Uncommon trap: trap_request=0xffffffde fr.pc=0x000001d216ee2590 relative=0x0000000000000110
Event: 0.859 Thread 0x000001d204387700 Uncommon trap: reason=class_check action=maybe_recompile pc=0x000001d216ee2590 method=jdk.internal.misc.Unsafe.allocateUninitializedArray(Ljava/lang/Class;I)Ljava/lang/Object; @ 51 c2
Event: 0.859 Thread 0x000001d204387700 DEOPT PACKING pc=0x000001d216ee2590 sp=0x000000cbe98fdf20
Event: 0.859 Thread 0x000001d204387700 DEOPT UNPACKING pc=0x000001d216a0f902 sp=0x000000cbe98fde98 mode 2
Event: 0.859 Thread 0x000001d204387700 Uncommon trap: trap_request=0xffffffde fr.pc=0x000001d216ee2590 relative=0x0000000000000110
Event: 0.859 Thread 0x000001d204387700 Uncommon trap: reason=class_check action=maybe_recompile pc=0x000001d216ee2590 method=jdk.internal.misc.Unsafe.allocateUninitializedArray(Ljava/lang/Class;I)Ljava/lang/Object; @ 51 c2
Event: 0.859 Thread 0x000001d204387700 DEOPT PACKING pc=0x000001d216ee2590 sp=0x000000cbe98fe490
Event: 0.859 Thread 0x000001d204387700 DEOPT UNPACKING pc=0x000001d216a0f902 sp=0x000000cbe98fe408 mode 2
Event: 0.859 Thread 0x000001d204387700 Uncommon trap: trap_request=0xffffffde fr.pc=0x000001d216ee2590 relative=0x0000000000000110
Event: 0.859 Thread 0x000001d204387700 Uncommon trap: reason=class_check action=maybe_recompile pc=0x000001d216ee2590 method=jdk.internal.misc.Unsafe.allocateUninitializedArray(Ljava/lang/Class;I)Ljava/lang/Object; @ 51 c2
Event: 0.859 Thread 0x000001d204387700 DEOPT PACKING pc=0x000001d216ee2590 sp=0x000000cbe98fdf20
Event: 0.859 Thread 0x000001d204387700 DEOPT UNPACKING pc=0x000001d216a0f902 sp=0x000000cbe98fde98 mode 2

Classes loaded (20 events):
Event: 0.772 Loading class java/util/stream/IntPipeline$Head
Event: 0.772 Loading class java/util/stream/IntPipeline
Event: 0.772 Loading class java/util/stream/IntStream
Event: 0.772 Loading class java/util/stream/IntStream done
Event: 0.772 Loading class java/util/stream/IntPipeline done
Event: 0.772 Loading class java/util/stream/IntPipeline$Head done
Event: 0.773 Loading class java/util/stream/MatchOps$2MatchSink
Event: 0.773 Loading class java/util/stream/Sink$OfInt
Event: 0.773 Loading class java/util/stream/Sink$OfInt done
Event: 0.773 Loading class java/util/stream/MatchOps$2MatchSink done
Event: 0.789 Loading class java/beans/PropertyEditorSupport
Event: 0.789 Loading class java/beans/PropertyEditor
Event: 0.789 Loading class java/beans/PropertyEditor done
Event: 0.789 Loading class java/beans/PropertyEditorSupport done
Event: 0.821 Loading class java/util/stream/StreamSpliterators$WrappingSpliterator
Event: 0.822 Loading class java/util/stream/StreamSpliterators$AbstractWrappingSpliterator
Event: 0.822 Loading class java/util/stream/StreamSpliterators$AbstractWrappingSpliterator done
Event: 0.822 Loading class java/util/stream/StreamSpliterators$WrappingSpliterator done
Event: 0.823 Loading class java/util/stream/StreamSpliterators
Event: 0.823 Loading class java/util/stream/StreamSpliterators done

Classes unloaded (0 events):
No events

Classes redefined (0 events):
No events

Internal exceptions (20 events):
Event: 0.625 Thread 0x000001d204387700 Exception <a 'java/lang/NoSuchMethodError'{0x000000008a3e8ea0}: 'java.lang.Object java.lang.invoke.DirectMethodHandle$Holder.invokeSpecialIFC(java.lang.Object, java.lang.Object, java.lang.Object, java.lang.Object)'> (0x000000008a3e8ea0) 
thrown [s\src\hotspot\share\interpreter\linkResolver.cpp, line 804]
Event: 0.628 Thread 0x000001d204387700 Exception <a 'java/lang/NoSuchMethodError'{0x000000008a209fd0}: 'java.lang.Object java.lang.invoke.DirectMethodHandle$Holder.invokeInterface(java.lang.Object, java.lang.Object, java.lang.Object)'> (0x000000008a209fd0) 
thrown [s\src\hotspot\share\interpreter\linkResolver.cpp, line 804]
Event: 0.650 Thread 0x000001d204387700 Exception <a 'java/lang/NoSuchMethodError'{0x000000008a12c378}: 'java.lang.Object java.lang.invoke.DirectMethodHandle$Holder.newInvokeSpecial(java.lang.Object, java.lang.Object, java.lang.Object, java.lang.Object, java.lang.Object)'> (0x000000008a12c378) 
thrown [s\src\hotspot\share\interpreter\linkResolver.cpp, line 804]
Event: 0.670 Thread 0x000001d204387700 Exception <a 'java/lang/IncompatibleClassChangeError'{0x000000008a008500}: Found class java.lang.Object, but interface was expected> (0x000000008a008500) 
thrown [s\src\hotspot\share\interpreter\linkResolver.cpp, line 871]
Event: 0.682 Thread 0x000001d204387700 Exception <a 'sun/nio/fs/WindowsException'{0x000000008a06fc10}> (0x000000008a06fc10) 
thrown [s\src\hotspot\share\prims\jni.cpp, line 516]
Event: 0.742 Thread 0x000001d204387700 Exception <a 'java/lang/NoSuchMethodError'{0x0000000089e6cfa8}: 'java.lang.Object java.lang.invoke.DirectMethodHandle$Holder.invokeStatic(java.lang.Object, long, java.lang.Object)'> (0x0000000089e6cfa8) 
thrown [s\src\hotspot\share\interpreter\linkResolver.cpp, line 804]
Event: 0.743 Thread 0x000001d204387700 Exception <a 'java/lang/NoSuchMethodError'{0x0000000089e74e48}: 'java.lang.Object java.lang.invoke.DirectMethodHandle$Holder.invokeStaticInit(java.lang.Object, long, java.lang.Object)'> (0x0000000089e74e48) 
thrown [s\src\hotspot\share\interpreter\linkResolver.cpp, line 804]
Event: 0.743 Thread 0x000001d204387700 Exception <a 'java/lang/NoSuchMethodError'{0x0000000089e86380}: 'java.lang.Object java.lang.invoke.DirectMethodHandle$Holder.newInvokeSpecial(java.lang.Object, long)'> (0x0000000089e86380) 
thrown [s\src\hotspot\share\interpreter\linkResolver.cpp, line 804]
Event: 0.763 Thread 0x000001d204387700 Exception <a 'java/lang/NoSuchMethodError'{0x0000000089d57c98}: 'void java.lang.invoke.DirectMethodHandle$Holder.invokeStaticInit(java.lang.Object)'> (0x0000000089d57c98) 
thrown [s\src\hotspot\share\interpreter\linkResolver.cpp, line 804]
Event: 0.800 Thread 0x000001d204387700 Exception <a 'java/lang/NoSuchMethodError'{0x0000000089b479d0}: 'java.lang.Object java.lang.invoke.DirectMethodHandle$Holder.newInvokeSpecial(java.lang.Object, java.lang.Object, java.lang.Object, java.lang.Object, java.lang.Object, java.lang.Object, java.lang.Object)'> (0x0000000089b479d0) 
thrown [s\src\hotspot\share\interpreter\linkResolver.cpp, line 804]
Event: 0.803 Thread 0x000001d204387700 Exception <a 'java/lang/NoSuchMethodError'{0x0000000089b68858}: 'void java.lang.invoke.DirectMethodHandle$Holder.invokeStatic(java.lang.Object, java.lang.Object)'> (0x0000000089b68858) 
thrown [s\src\hotspot\share\interpreter\linkResolver.cpp, line 804]
Event: 0.803 Thread 0x000001d204387700 Exception <a 'java/lang/NoSuchMethodError'{0x0000000089b708b0}: 'void java.lang.invoke.DirectMethodHandle$Holder.invokeStaticInit(java.lang.Object, java.lang.Object)'> (0x0000000089b708b0) 
thrown [s\src\hotspot\share\interpreter\linkResolver.cpp, line 804]
Event: 0.805 Thread 0x000001d204387700 Exception <a 'java/lang/NoSuchMethodError'{0x0000000089b9c898}: 'void java.lang.invoke.DirectMethodHandle$Holder.invokeInterface(java.lang.Object, java.lang.Object)'> (0x0000000089b9c898) 
thrown [s\src\hotspot\share\interpreter\linkResolver.cpp, line 804]
Event: 0.811 Thread 0x000001d204387700 Exception <a 'java/lang/NoSuchMethodError'{0x0000000089bd5eb8}: 'int java.lang.invoke.DirectMethodHandle$Holder.invokeStatic(java.lang.Object, java.lang.Object, java.lang.Object, java.lang.Object)'> (0x0000000089bd5eb8) 
thrown [s\src\hotspot\share\interpreter\linkResolver.cpp, line 804]
Event: 0.815 Thread 0x000001d204387700 Exception <a 'java/lang/NoSuchMethodError'{0x0000000089a1bc88}: 'java.lang.Object java.lang.invoke.Invokers$Holder.invokeExact_MT(java.lang.Object, java.lang.Object, java.lang.Object, java.lang.Object, java.lang.Object)'> (0x0000000089a1bc88) 
thrown [s\src\hotspot\share\interpreter\linkResolver.cpp, line 804]
Event: 0.823 Thread 0x000001d204387700 Exception <a 'java/lang/NoSuchMethodError'{0x0000000089a89578}: 'java.lang.Object java.lang.invoke.DirectMethodHandle$Holder.invokeSpecial(java.lang.Object, java.lang.Object, java.lang.Object, java.lang.Object, java.lang.Object, java.lang.Object, int)'> (0x0000000089a89578) 
thrown [s\src\hotspot\share\interpreter\linkResolver.cpp, line 804]
Event: 0.824 Thread 0x000001d204387700 Exception <a 'java/lang/NoSuchMethodError'{0x0000000089a9b660}: 'java.lang.Object java.lang.invoke.DirectMethodHandle$Holder.newInvokeSpecial(java.lang.Object, java.lang.Object, java.lang.Object, java.lang.Object, java.lang.Object, java.lang.Object, int)'> (0x0000000089a9b660) 
thrown [s\src\hotspot\share\interpreter\linkResolver.cpp, line 804]
Event: 0.824 Thread 0x000001d204387700 Exception <a 'java/lang/NoSuchMethodError'{0x0000000089aa4718}: 'java.lang.Object java.lang.invoke.DirectMethodHandle$Holder.invokeSpecial(java.lang.Object, java.lang.Object, java.lang.Object, java.lang.Object, java.lang.Object, java.lang.Object, java.lang.Object, int)'> (0x0000000089aa4718) 
thrown [s\src\hotspot\share\interpreter\linkResolver.cpp, line 804]
Event: 0.851 Thread 0x000001d204387700 Exception <a 'java/lang/NoSuchMethodError'{0x00000000899d9c20}: 'int java.lang.invoke.DirectMethodHandle$Holder.invokeInterface(java.lang.Object, java.lang.Object)'> (0x00000000899d9c20) 
thrown [s\src\hotspot\share\interpreter\linkResolver.cpp, line 804]
Event: 0.855 Thread 0x000001d204387700 Exception <a 'java/lang/NoSuchMethodError'{0x0000000089818668}: 'void java.lang.invoke.DirectMethodHandle$Holder.invokeSpecial(java.lang.Object, java.lang.Object, java.lang.Object, java.lang.Object, java.lang.Object)'> (0x0000000089818668) 
thrown [s\src\hotspot\share\interpreter\linkResolver.cpp, line 804]

VM Operations (8 events):
Event: 0.360 Executing non-safepoint VM operation: HandshakeAllThreads (Deoptimize)
Event: 0.360 Executing non-safepoint VM operation: HandshakeAllThreads (Deoptimize) done
Event: 0.397 Executing non-safepoint VM operation: HandshakeAllThreads (Deoptimize)
Event: 0.397 Executing non-safepoint VM operation: HandshakeAllThreads (Deoptimize) done
Event: 0.588 Executing non-safepoint VM operation: HandshakeAllThreads (Deoptimize)
Event: 0.588 Executing non-safepoint VM operation: HandshakeAllThreads (Deoptimize) done
Event: 0.693 Executing non-safepoint VM operation: HandshakeAllThreads (Deoptimize)
Event: 0.693 Executing non-safepoint VM operation: HandshakeAllThreads (Deoptimize) done

Memory protections (0 events):
No events

Nmethod flushes (0 events):
No events

Events (12 events):
Event: 0.029 Thread 0x000001d204387700 Thread added: 0x000001d204387700
Event: 0.040 Thread 0x000001d204387700 Thread added: 0x000001d2233cb130
Event: 0.040 Thread 0x000001d204387700 Thread added: 0x000001d2233cc710
Event: 0.040 Thread 0x000001d204387700 Thread added: 0x000001d2233d2050
Event: 0.040 Thread 0x000001d204387700 Thread added: 0x000001d2233d2c10
Event: 0.040 Thread 0x000001d204387700 Thread added: 0x000001d2233d7ed0
Event: 0.040 Thread 0x000001d204387700 Thread added: 0x000001d2233e0bd0
Event: 0.040 Thread 0x000001d204387700 Thread added: 0x000001d2233f01a0
Event: 0.041 Thread 0x000001d204387700 Thread added: 0x000001d2233f1010
Event: 0.134 Thread 0x000001d204387700 Thread added: 0x000001d2238ed300
Event: 0.137 Thread 0x000001d204387700 Thread added: 0x000001d2238f9f90
Event: 0.196 Thread 0x000001d2233f01a0 Thread added: 0x000001d223a9a0e0


Dynamic libraries:
0x00007ff6e6a70000 - 0x00007ff6e6a7e000 	C:\Program Files\Apache NetBeans\jdk\bin\java.exe
0x00007ffe5f360000 - 0x00007ffe5f5c8000 	C:\WINDOWS\SYSTEM32\ntdll.dll
0x00007ffe4b270000 - 0x00007ffe4b290000 	C:\Program Files\AVG\Antivirus\aswhook.dll
0x00007ffe5dc20000 - 0x00007ffe5dce9000 	C:\WINDOWS\System32\KERNEL32.DLL
0x00007ffe5ccd0000 - 0x00007ffe5d0c1000 	C:\WINDOWS\System32\KERNELBASE.dll
0x00007ffe59070000 - 0x00007ffe5910e000 	C:\WINDOWS\SYSTEM32\apphelp.dll
0x00007ffe5bf70000 - 0x00007ffe5c0bb000 	C:\WINDOWS\System32\ucrtbase.dll
0x00007ffe3e9e0000 - 0x00007ffe3e9f6000 	C:\Program Files\Apache NetBeans\jdk\bin\jli.dll
0x00007ffe55310000 - 0x00007ffe5532e000 	C:\Program Files\Apache NetBeans\jdk\bin\VCRUNTIME140.dll
0x00007ffe5edd0000 - 0x00007ffe5ef96000 	C:\WINDOWS\System32\USER32.dll
0x00007ffe5d0d0000 - 0x00007ffe5d0f7000 	C:\WINDOWS\System32\win32u.dll
0x00007ffe3d1b0000 - 0x00007ffe3d443000 	C:\WINDOWS\WinSxS\amd64_microsoft.windows.common-controls_6595b64144ccf1df_6.0.26100.7824_none_3e0870b2e3345462\COMCTL32.dll
0x00007ffe5dbf0000 - 0x00007ffe5dc1b000 	C:\WINDOWS\System32\GDI32.dll
0x00007ffe5d4e0000 - 0x00007ffe5d589000 	C:\WINDOWS\System32\msvcrt.dll
0x00007ffe5bcd0000 - 0x00007ffe5bdfb000 	C:\WINDOWS\System32\gdi32full.dll
0x00007ffe5c230000 - 0x00007ffe5c2d3000 	C:\WINDOWS\System32\msvcp_win.dll
0x00007ffe5df80000 - 0x00007ffe5dfb1000 	C:\WINDOWS\System32\IMM32.DLL
0x00007ffe57070000 - 0x00007ffe5707c000 	C:\Program Files\Apache NetBeans\jdk\bin\vcruntime140_1.dll
0x00007ffdff690000 - 0x00007ffdff71d000 	C:\Program Files\Apache NetBeans\jdk\bin\msvcp140.dll
0x00007ffdc1a60000 - 0x00007ffdc2986000 	C:\Program Files\Apache NetBeans\jdk\bin\server\jvm.dll
0x00007ffe5f230000 - 0x00007ffe5f2e4000 	C:\WINDOWS\System32\ADVAPI32.dll
0x00007ffe5ded0000 - 0x00007ffe5df76000 	C:\WINDOWS\System32\sechost.dll
0x00007ffe5efa0000 - 0x00007ffe5f0b8000 	C:\WINDOWS\System32\RPCRT4.dll
0x00007ffe5e080000 - 0x00007ffe5e0f4000 	C:\WINDOWS\System32\WS2_32.dll
0x00007ffe5baa0000 - 0x00007ffe5bafe000 	C:\WINDOWS\SYSTEM32\POWRPROF.dll
0x00007ffe42b10000 - 0x00007ffe42b45000 	C:\WINDOWS\SYSTEM32\WINMM.dll
0x00007ffe52900000 - 0x00007ffe5290b000 	C:\WINDOWS\SYSTEM32\VERSION.dll
0x00007ffe5ba80000 - 0x00007ffe5ba94000 	C:\WINDOWS\SYSTEM32\UMPDC.dll
0x00007ffe5a9e0000 - 0x00007ffe5a9fb000 	C:\WINDOWS\SYSTEM32\kernel.appcore.dll
0x00007ffe553d0000 - 0x00007ffe553da000 	C:\Program Files\Apache NetBeans\jdk\bin\jimage.dll
0x00007ffe59cd0000 - 0x00007ffe59f12000 	C:\WINDOWS\SYSTEM32\DBGHELP.DLL
0x00007ffe5d100000 - 0x00007ffe5d486000 	C:\WINDOWS\System32\combase.dll
0x00007ffe5da00000 - 0x00007ffe5dad7000 	C:\WINDOWS\System32\OLEAUT32.dll
0x00007ffe4b710000 - 0x00007ffe4b74b000 	C:\WINDOWS\SYSTEM32\dbgcore.DLL
0x00007ffe5be00000 - 0x00007ffe5bea5000 	C:\WINDOWS\System32\bcryptPrimitives.dll
0x00007ffe552f0000 - 0x00007ffe5530e000 	C:\Program Files\Apache NetBeans\jdk\bin\java.dll
0x00007ffe5d850000 - 0x00007ffe5d9e7000 	C:\WINDOWS\System32\ole32.dll
0x00007ffe5e100000 - 0x00007ffe5e852000 	C:\WINDOWS\System32\SHELL32.dll
0x00007ffe5c0c0000 - 0x00007ffe5c22a000 	C:\WINDOWS\System32\wintypes.dll
0x00007ffe5c2e0000 - 0x00007ffe5cb43000 	C:\WINDOWS\System32\windows.storage.dll
0x00007ffe5d590000 - 0x00007ffe5d686000 	C:\WINDOWS\System32\SHCORE.dll
0x00007ffe5d7e0000 - 0x00007ffe5d847000 	C:\WINDOWS\System32\shlwapi.dll
0x00007ffe5bb60000 - 0x00007ffe5bb89000 	C:\WINDOWS\SYSTEM32\profapi.dll
0x00007ffe30d20000 - 0x00007ffe30d31000 	C:\Program Files\Apache NetBeans\jdk\bin\net.dll
0x00007ffe5af50000 - 0x00007ffe5afbb000 	C:\WINDOWS\system32\mswsock.dll
0x00007ffe2ee70000 - 0x00007ffe2ee86000 	C:\Program Files\Apache NetBeans\jdk\bin\nio.dll
0x00007ffe35430000 - 0x00007ffe35447000 	C:\Program Files\Apache NetBeans\jdk\bin\zip.dll

JVMTI agents: none

dbghelp: loaded successfully - version: 4.0.5 - missing functions: none
symbol engine: initialized successfully - sym options: 0x614 - pdb path: .;C:\Program Files\Apache NetBeans\jdk\bin;C:\WINDOWS\SYSTEM32;C:\Program Files\AVG\Antivirus;C:\WINDOWS\WinSxS\amd64_microsoft.windows.common-controls_6595b64144ccf1df_6.0.26100.7824_none_3e0870b2e3345462;C:\Program Files\Apache NetBeans\jdk\bin\server

VM Arguments:
java_command: com.maya.Hotel.HotelMvcApplication
java_class_path (initial): C:\Users\Ana Sof燰\OneDrive\Documents\NetBeansProjects\Hotel\target\classes;C:\Users\Ana Sof燰\.m2\repository\org\springframework\boot\spring-boot-starter-web\4.0.3\spring-boot-starter-web-4.0.3.jar;C:\Users\Ana Sof燰\.m2\repository\org\springframework\boot\spring-boot-starter-jackson\4.0.3\spring-boot-starter-jackson-4.0.3.jar;C:\Users\Ana Sof燰\.m2\repository\org\springframework\boot\spring-boot-jackson\4.0.3\spring-boot-jackson-4.0.3.jar;C:\Users\Ana Sof燰\.m2\repository\tools\jackson\core\jackson-databind\3.0.4\jackson-databind-3.0.4.jar;C:\Users\Ana Sof燰\.m2\repository\com\fasterxml\jackson\core\jackson-annotations\2.20\jackson-annotations-2.20.jar;C:\Users\Ana Sof燰\.m2\repository\tools\jackson\core\jackson-core\3.0.4\jackson-core-3.0.4.jar;C:\Users\Ana Sof燰\.m2\repository\org\springframework\boot\spring-boot-starter-tomcat\4.0.3\spring-boot-starter-tomcat-4.0.3.jar;C:\Users\Ana Sof燰\.m2\repository\org\springframework\boot\spring-boot-starter-tomcat-runtime\4.0.3\spring-boot-starter-tomcat-runtime-4.0.3.jar;C:\Users\Ana Sof燰\.m2\repository\org\springframework\boot\spring-boot-web-server\4.0.3\spring-boot-web-server-4.0.3.jar;C:\Users\Ana Sof燰\.m2\repository\org\apache\tomcat\embed\tomcat-embed-core\11.0.18\tomcat-embed-core-11.0.18.jar;C:\Users\Ana Sof燰\.m2\repository\org\apache\tomcat\embed\tomcat-embed-websocket\11.0.18\tomcat-embed-websocket-11.0.18.jar;C:\Users\Ana Sof燰\.m2\repository\org\springframework\boot\spring-boot-tomcat\4.0.3\spring-boot-tomcat-4.0.3.jar;C:\Users\Ana Sof燰\.m2\repository\org\springframework\boot\spring-boot-http-converter\4.0.3\spring-boot-http-converter-4.0.3.jar;C:\Users\Ana Sof燰\.m2\repository\org\springframework\boot\spring-boot\4.0.3\spring-boot-4.0.3.jar;C:\Users\Ana Sof燰\.m2\repository\org\springframework\spring-core\7.0.5\spring-core-7.0.5.jar;C:\Users\Ana Sof燰\.m2\repository\commons-logging\commons-logging\1.3.5\commons-logging-1.3.5.jar;C:\Users\Ana Sof燰\.m2\repository\org\jspecify\jspecify\1.0.0\jspecify-1.0.0.jar;C:\Users\Ana Sof燰\.m2\repository\org\springframework\spring-context\7.0.5\spring-context-7.0.5.jar;C:\Users\Ana Sof燰\.m2\repository\org\springframework\spring-web\7.0.5\spring-web-7.0.5.jar;C:\Users\Ana Sof燰\.m2\repository\org\springframework\spring-beans\7.0.5\spring-beans-7.0.5.jar;C:\Users\Ana Sof燰\.m2\repository\io\micrometer\micrometer-observation\1.16.3\micrometer-observation-1.16.3.jar;C:\Users\Ana Sof燰\.m2\repository\io\micrometer\micrometer-commons\1.16.3\micrometer-commons-1.16.3.jar;C:\Users\Ana Sof燰\.m2\repository\org\springframework\boot\spring-boot-webmvc\4.0.3\spring-boot-webmvc-4.0.3.jar;C:\Users\Ana Sof燰\.m2\repository\org\springframework\boot\spring-boot-servlet\4.0.3\spring-boot-servlet-4.0.3.jar;C:\Users\Ana Sof燰\.m2\repository\org\springframework\spring-webmvc\7.0.5\spring-webmvc-7.0.5.jar;C:\Users\Ana Sof燰\.m2\repository\org\springframework\spring-aop\7.0.5\spring-aop-7.0.5.jar;C:\Users\Ana Sof燰\.m2\repository\org\springframework\spring-expression\7.0.5\spring-expression-7.0.5.jar;C:\Users\Ana Sof燰\.m2\repository\org\springframework\boot\spring-boot-starter-validation\4.0.3\spring-boot-starter-validation-4.0.3.jar;C:\Users\Ana Sof燰\.m2\repository\org\springframework\boot\spring-boot-starter\4.0.3\spring-boot-starter-4.0.3.jar;C:\Users\Ana Sof燰\.m2\repository\org\springframework\boot\spring-boot-starter-logging\4.0.3\spring-boot-starter-logging-4.0.3.jar;C:\Users\Ana Sof燰\.m2\repository\ch\qos\logback\logback-classic\1.5.32\logback-classic-1.5.32.jar;C:\Users\Ana Sof燰\.m2\repository\ch\qos\logback\logback-core\1.5.32\logback-core-1.5.32.jar;C:\Users\Ana Sof燰\.m2\repository\org\apache\logging\log4j\log4j-to-slf4j\2.25.3\log4j-to-slf4j-2.25.3.jar;C:\Users\Ana Sof燰\.m2\repository\org\apache\logging\log4j\log4j-api\2.25.3\log4j-api-2.25.3.jar;C:\Users\Ana Sof燰\.m2\repository\org\slf4j\jul-to-slf4j\2.0.17\jul-to-slf4j-2.0.17.jar;C:\Users\Ana Sof燰\.m2\repository\org\springframework\boot\spring-boot-autoconfigure\4.0.3\spring-boot-autoconfigure-4.0.3.jar;C:\Users\Ana Sof燰\.m2\repository\jakarta\annotation\jakarta.annotation-api\3.0.0\jakarta.annotation-api-3.0.0.jar;C:\Users\Ana Sof燰\.m2\repository\org\yaml\snakeyaml\2.5\snakeyaml-2.5.jar;C:\Users\Ana Sof燰\.m2\repository\org\springframework\boot\spring-boot-validation\4.0.3\spring-boot-validation-4.0.3.jar;C:\Users\Ana Sof燰\.m2\repository\org\apache\tomcat\embed\tomcat-embed-el\11.0.18\tomcat-embed-el-11.0.18.jar;C:\Users\Ana Sof燰\.m2\repository\org\hibernate\validator\hibernate-validator\9.0.1.Final\hibernate-validator-9.0.1.Final.jar;C:\Users\Ana Sof燰\.m2\repository\jakarta\validation\jakarta.validation-api\3.1.1\jakarta.validation-api-3.1.1.jar;C:\Users\Ana Sof燰\.m2\repository\org\jboss\logging\jboss-logging\3.6.2.Final\jboss-logging-3.6.2.Final.jar;C:\Users\Ana Sof燰\.m2\repository\com\fasterxml\classmate\1.7.3\classmate-1.7.3.jar;C:\Users\Ana Sof燰\.m2\repository\org\springframework\boot\spring-boot-starter-thymeleaf\4.0.3\spring-boot-starter-thymeleaf-4.0.3.jar;C:\Users\Ana Sof燰\.m2\repository\org\springframework\boot\spring-boot-thymeleaf\4.0.3\spring-boot-thymeleaf-4.0.3.jar;C:\Users\Ana Sof燰\.m2\repository\org\thymeleaf\thymeleaf-spring6\3.1.3.RELEASE\thymeleaf-spring6-3.1.3.RELEASE.jar;C:\Users\Ana Sof燰\.m2\repository\org\thymeleaf\thymeleaf\3.1.3.RELEASE\thymeleaf-3.1.3.RELEASE.jar;C:\Users\Ana Sof燰\.m2\repository\org\attoparser\attoparser\2.0.7.RELEASE\attoparser-2.0.7.RELEASE.jar;C:\Users\Ana Sof燰\.m2\repository\org\unbescape\unbescape\1.1.6.RELEASE\unbescape-1.1.6.RELEASE.jar;C:\Users\Ana Sof燰\.m2\repository\org\slf4j\slf4j-api\2.0.17\slf4j-api-2.0.17.jar;C:\Users\Ana Sof燰\.m2\repository\org\springframework\boot\spring-boot-starter-data-jpa\4.0.3\spring-boot-starter-data-jpa-4.0.3.jar;C:\Users\Ana Sof燰\.m2\repository\org\springframework\boot\spring-boot-starter-jdbc\4.0.3\spring-boot-starter-jdbc-4.0.3.jar;C:\Users\Ana Sof燰\.m2\repository\com\zaxxer\HikariCP\7.0.2\HikariCP-7.0.2.jar;C:\Users\Ana Sof燰\.m2\repository\org\springframework\boot\spring-boot-data-jpa\4.0.3\spring-boot-data-jpa-4.0.3.jar;C:\Users\Ana Sof燰\.m2\repository\org\springframework\boot\spring-boot-data-commons\4.0.3\spring-boot-data-commons-4.0.3.jar;C:\Users\Ana Sof燰\.m2\repository\org\springframework\boot\spring-boot-persistence\4.0.3\spring-boot-persistence-4.0.3.jar;C:\Users\Ana Sof燰\.m2\repository\org\springframework\data\spring-data-commons\4.0.3\spring-data-commons-4.0.3.jar;C:\Users\Ana Sof燰\.m2\repository\org\springframework\boot\spring-boot-hibernate\4.0.3\spring-boot-hibernate-4.0.3.jar;C:\Users\Ana Sof燰\.m2\repository\org\springframework\boot\spring-boot-jpa\4.0.3\spring-boot-jpa-4.0.3.jar;C:\Users\Ana Sof燰\.m2\repository\jakarta\persistence\jakarta.persistence-api\3.2.0\jakarta.persistence-api-3.2.0.jar;C:\Users\Ana Sof燰\.m2\repository\org\hibernate\orm\hibernate-core\7.2.4.Final\hibernate-core-7.2.4.Final.jar;C:\Users\Ana Sof燰\.m2\repository\jakarta\transaction\jakarta.transaction-api\2.0.1\jakarta.transaction-api-2.0.1.jar;C:\Users\Ana Sof燰\.m2\repository\org\hibernate\models\hibernate-models\1.0.1\hibernate-models-1.0.1.jar;C:\Users\Ana Sof燰\.m2\repository\net\bytebuddy\byte-buddy\1.17.8\byte-buddy-1.17.8.jar;C:\Users\Ana Sof燰\.m2\repository\jakarta\xml\bind\jakarta.xml.bind-api\4.0.4\jakarta.xml.bind-api-4.0.4.jar;C:\Users\Ana Sof燰\.m2\repository\jakarta\activation\jakarta.activation-api\2.1.4\jakarta.activation-api-2.1.4.jar;C:\Users\Ana Sof燰\.m2\repository\org\glassfish\jaxb\jaxb-runtime\4.0.6\jaxb-runtime-4.0.6.jar;C:\Users\Ana Sof燰\.m2\repository\org\glassfish\jaxb\jaxb-core\4.0.6\jaxb-core-4.0.6.jar;C:\Users\Ana Sof燰\.m2\repository\org\eclipse\angus\angus-activation\2.0.3\angus-activation-2.0.3.jar;C:\Users\Ana Sof燰\.m2\repository\org\glassfish\jaxb\txw2\4.0.6\txw2-4.0.6.jar;C:\Users\Ana Sof燰\.m2\repository\com\sun\istack\istack-commons-runtime\4.1.2\istack-commons-runtime-4.1.2.jar;C:\Users\Ana Sof燰\.m2\repository\jakarta\inject\jakarta.inject-api\2.0.1\jakarta.inject-api-2.0.1.jar;C:\Users\Ana Sof燰\.m2\repository\org\springframework\spring-orm\7.0.5\spring-orm-7.0.5.jar;C:\Users\Ana Sof燰\.m2\repository\org\springframework\data\spring-data-jpa\4.0.3\spring-data-jpa-4.0.3.jar;C:\Users\Ana Sof燰\.m2\repository\org\springframework\spring-tx\7.0.5\spring-tx-7.0.5.jar;C:\Users\Ana Sof燰\.m2\repository\org\antlr\antlr4-runtime\4.13.2\antlr4-runtime-4.13.2.jar;C:\Users\Ana Sof燰\.m2\repository\org\springframework\spring-aspects\7.0.5\spring-aspects-7.0.5.jar;C:\Users\Ana Sof燰\.m2\repository\org\aspectj\aspectjweaver\1.9.25.1\aspectjweaver-1.9.25.1.jar;C:\Users\Ana Sof燰\.m2\repository\org\springframework\boot\spring-boot-jdbc\4.0.3\spring-boot-jdbc-4.0.3.jar;C:\Users\Ana Sof燰\.m2\repository\org\springframework\boot\spring-boot-sql\4.0.3\spring-boot-sql-4.0.3.jar;C:\Users\Ana Sof燰\.m2\repository\org\springframework\boot\spring-boot-transaction\4.0.3\spring-boot-transaction-4.0.3.jar;C:\Users\Ana Sof燰\.m2\repository\org\springframework\spring-jdbc\7.0.5\spring-jdbc-7.0.5.jar;C:\Users\Ana Sof燰\.m2\repository\com\mysql\mysql-connector-j\9.6.0\mysql-connector-j-9.6.0.jar
Launcher Type: SUN_STANDARD

[Global flags]
     intx CICompilerCount                          = 4                                         {product} {ergonomic}
     uint ConcGCThreads                            = 2                                         {product} {ergonomic}
     uint G1ConcRefinementThreads                  = 8                                         {product} {ergonomic}
   size_t G1HeapRegionSize                         = 1048576                                   {product} {ergonomic}
   size_t InitialHeapSize                          = 132120576                                 {product} {ergonomic}
   size_t MarkStackSize                            = 4194304                                   {product} {ergonomic}
   size_t MarkStackSizeMax                         = 536870912                                 {product} {ergonomic}
   size_t MaxHeapSize                              = 2090860544                                {product} {ergonomic}
   size_t MaxNewSize                               = 1254096896                                {product} {ergonomic}
   size_t MinHeapDeltaBytes                        = 1048576                                   {product} {ergonomic}
   size_t MinHeapSize                              = 8388608                                   {product} {ergonomic}
    uintx NonNMethodCodeHeapSize                   = 5832704                                {pd product} {ergonomic}
    uintx NonProfiledCodeHeapSize                  = 122945536                              {pd product} {ergonomic}
    uintx ProfiledCodeHeapSize                     = 122880000                              {pd product} {ergonomic}
    uintx ReservedCodeCacheSize                    = 251658240                              {pd product} {ergonomic}
     bool SegmentedCodeCache                       = true                                      {product} {ergonomic}
   size_t SoftMaxHeapSize                          = 2090860544                             {manageable} {ergonomic}
     bool UseCompressedOops                        = true                           {product lp64_product} {ergonomic}
     bool UseG1GC                                  = true                                      {product} {ergonomic}
     bool UseLargePagesIndividualAllocation        = false                                  {pd product} {ergonomic}

Logging:
Log output configuration:
 #0: stdout all=warning uptime,level,tags foldmultilines=false
 #1: stderr all=off uptime,level,tags foldmultilines=false

Release file:
IMPLEMENTOR="Eclipse Adoptium" 
IMPLEMENTOR_VERSION="Temurin-25.0.2+10" 
JAVA_RUNTIME_VERSION="25.0.2+10-LTS" 
JAVA_VERSION="25.0.2" 
JAVA_VERSION_DATE="2026-01-20" 
LIBC="default" 
MODULES="java.base java.compiler java.datatransfer java.xml java.prefs java.desktop java.instrument java.logging java.management java.security.sasl java.naming java.rmi java.management.rmi java.net.http java.scripting java.security.jgss java.transaction.xa java.sql java.sql.rowset java.xml.crypto java.se java.smartcardio jdk.accessibility jdk.internal.jvmstat jdk.attach jdk.charsets jdk.internal.opt jdk.zipfs jdk.compiler jdk.crypto.cryptoki jdk.crypto.ec jdk.crypto.mscapi jdk.dynalink jdk.internal.ed jdk.editpad jdk.internal.vm.ci jdk.graal.compiler jdk.graal.compiler.management jdk.hotspot.agent jdk.httpserver jdk.incubator.vector jdk.internal.le jdk.internal.md jdk.jartool jdk.javadoc jdk.jcmd jdk.management jdk.management.agent jdk.jconsole jdk.jdeps jdk.jdwp.agent jdk.jdi jdk.jfr jdk.jlink jdk.jpackage jdk.jshell jdk.jsobject jdk.jstatd jdk.localedata jdk.management.jfr jdk.naming.dns jdk.naming.rmi jdk.net jdk.nio.mapmode jdk.sctp jdk.security.auth jdk.security.jgss jdk.unsupported jdk.unsupported.desktop jdk.xml.dom" 
OS_ARCH="x86_64" 
OS_NAME="Windows" 
SOURCE=".:git:9e3c947043a4" 
BUILD_SOURCE="git:458965074606f027bd5afce2cfd5c1055dea0438"
BUILD_SOURCE_REPO="https://github.com/adoptium/temurin-build.git"
SOURCE_REPO="https://github.com/adoptium/jdk25u.git"
FULL_VERSION="25.0.2+10-LTS"
SEMANTIC_VERSION="25.0.2+10"
BUILD_INFO="OS: Windows Server 2022 Version: 10.0"
JVM_VARIANT="Hotspot"
JVM_VERSION="25.0.2+10-LTS"
IMAGE_TYPE="JDK"

Environment Variables:
JAVA_HOME=C:\Program Files\Apache NetBeans\jdk
PATH=C:\Program Files\Google\Chrome\Application;C:\Program Files\Common Files\Oracle\Java\javapath;C:\ProgramData\Oracle\Java\javapath;C:\windows\system32;C:\windows;C:\windows\System32\Wbem;C:\windows\System32\WindowsPowerShell\v1.0\;C:\windows\System32\OpenSSH\;C:\Program Files (x86)\NVIDIA Corporation\PhysX\Common;C:\Program Files\NVIDIA Corporation\NVIDIA NvDLISR;C:\WINDOWS\system32;C:\WINDOWS;C:\WINDOWS\System32\Wbem;C:\WINDOWS\System32\WindowsPowerShell\v1.0\;C:\WINDOWS\System32\OpenSSH\;C:\Program Files\dotnet\;C:\Program Files\MATLAB\R2023b\bin;;C:\Program Files\HP\HP One Agent;C:\WINDOWS\system32;C:\WINDOWS;C:\WINDOWS\System32\Wbem;C:\WINDOWS\System32\WindowsPowerShell\v1.0\;C:\WINDOWS\System32\OpenSSH\;C:\Program Files\nodejs\;C:\Users\Ana Sof燰\AppData\Local\Microsoft\WindowsApps;C:\Users\Ana Sof燰\AppData\Local\Programs\Microsoft VS Code\bin;C:\Users\Ana Sof燰\AppData\Local\Packages\PythonSoftwareFoundation.Python.3.11_qbz5n2kfra8p0\LocalCache\local-packages\Python311\Scripts;C:\Users\Ana Sof燰\AppData\Roaming\npm;C:\Program Files\Apache NetBeans\bin\
USERNAME=Ana Sof燰
OS=Windows_NT
PROCESSOR_IDENTIFIER=Intel64 Family 6 Model 165 Stepping 2, GenuineIntel
TMP=C:\Users\ANASOF~1\AppData\Local\Temp
TEMP=C:\Users\ANASOF~1\AppData\Local\Temp




Compilation memory statistics disabled.

Periodic native trim disabled

---------------  S Y S T E M  ---------------

OS:
 Windows 11 , 64 bit Build 26100 (10.0.26100.7705)
OS uptime: 0 days 2:16 hours

CPU: total 8 (initial active 8) (4 cores per cpu, 2 threads per core) family 6 model 165 stepping 2 microcode 0xf0, cx8, cmov, fxsr, ht, mmx, 3dnowpref, sse, sse2, sse3, ssse3, sse4.1, sse4.2, popcnt, lzcnt, tsc, tscinvbit, avx, avx2, aes, erms, clmul, bmi1, bmi2, adx, fma, vzeroupper, clflush, clflushopt, rdtscp, f16c, pku
Processor Information for the first 8 processors :
  Max Mhz: 2496, Current Mhz: 2496, Mhz Limit: 2496

Memory: 4k page, system-wide physical 7968M (746M free)
TotalPageFile size 14646M (AvailPageFile size 20M)
current process WorkingSet (physical memory assigned to process): 106M, peak: 106M
current process commit charge ("private bytes"): 236M, peak: 239M

vm_info: OpenJDK 64-Bit Server VM (25.0.2+10-LTS) for windows-amd64 JRE (25.0.2+10-LTS), built on 2026-01-20T00:00:00Z with MS VC++ 17.12 (VS2022)

END.
